<!doctype html>
<html lang="en"><head><meta charSet="utf-8"/><meta http-equiv="X-UA-Compatible" content="IE=edge"/><meta name="viewport" content="width=device-width, initial-scale=1"/><title>Mochawesome Report</title><link rel="stylesheet" href="assets\app.css"/></head><body data-raw="{&quot;stats&quot;:{&quot;suites&quot;:7,&quot;tests&quot;:19,&quot;passes&quot;:9,&quot;pending&quot;:0,&quot;failures&quot;:10,&quot;testsRegistered&quot;:19,&quot;passPercent&quot;:47.36842105263158,&quot;pendingPercent&quot;:0,&quot;other&quot;:0,&quot;hasOther&quot;:false,&quot;skipped&quot;:0,&quot;hasSkipped&quot;:false,&quot;start&quot;:&quot;2024-08-12T08:28:22.933Z&quot;,&quot;end&quot;:&quot;2024-08-12T08:41:35.810Z&quot;,&quot;duration&quot;:792877},&quot;results&quot;:[{&quot;uuid&quot;:&quot;d81d3d2d-c1c9-4767-bdfc-18a1ee63c66d&quot;,&quot;title&quot;:&quot;&quot;,&quot;fullFile&quot;:&quot;cypress\\e2e\\BillsCreateTest.cy.js&quot;,&quot;file&quot;:&quot;cypress\\e2e\\BillsCreateTest.cy.js&quot;,&quot;beforeHooks&quot;:[],&quot;afterHooks&quot;:[],&quot;tests&quot;:[],&quot;suites&quot;:[{&quot;uuid&quot;:&quot;ce7f56ef-728a-488d-80b4-6e05ef5332b9&quot;,&quot;title&quot;:&quot;Initiator -Bills Create&quot;,&quot;fullFile&quot;:&quot;cypress\\e2e\\BillsCreateTest.cy.js&quot;,&quot;file&quot;:&quot;cypress\\e2e\\BillsCreateTest.cy.js&quot;,&quot;beforeHooks&quot;:[],&quot;afterHooks&quot;:[],&quot;tests&quot;:[{&quot;title&quot;:&quot;Verify that bills create successful with valid data&quot;,&quot;fullTitle&quot;:&quot;Initiator -Bills Create Verify that bills create successful with valid data&quot;,&quot;timedOut&quot;:null,&quot;duration&quot;:62146,&quot;state&quot;:&quot;failed&quot;,&quot;speed&quot;:null,&quot;pass&quot;:false,&quot;fail&quot;:true,&quot;pending&quot;:false,&quot;context&quot;:&quot;[\n    {\n        \&quot;title\&quot;: \&quot;Failed screenshot\&quot;,\n        \&quot;value\&quot;: \&quot;screenshots\\\\BillsCreateTest.cy.js/Initiator%20-Bills%20Create%20--%20Verify%20that%20bills%20create%20successful%20with%20valid%20data%20(failed).png\&quot;\n    }\n]&quot;,&quot;code&quot;:&quot;gp.Jtmuser();\nbp.Sidebarbills();\nbp.Addnew(); //For bills create functionality\nbp.Chosebilldate();\nbp.Activedate();\nbp.Select_items();\nbp.Select_office_equipment();\nbp.Select_items();\nbp.setMonitor(&#x27;100&#x27;);\nbp.setDeskchair(&#x27;101&#x27;);\nbp.setPcaccesories(&#x27;111&#x27;);\nbp.Select_voucher();\nbp.Createbutton();&quot;,&quot;err&quot;:{&quot;message&quot;:&quot;Error: Syntax error, unrecognized expression: (//span[normalize-space()=&#x27;Create&#x27;])[1]&quot;,&quot;estack&quot;:&quot;Error: Syntax error, unrecognized expression: (//span[normalize-space()=&#x27;Create&#x27;])[1]\n    at Sizzle.error (http://sutaay.com/__cypress/runner/cypress_runner.js:8470:8)\n    at Sizzle.tokenize (http://sutaay.com/__cypress/runner/cypress_runner.js:9122:11)\n    at Sizzle.select (http://sutaay.com/__cypress/runner/cypress_runner.js:9549:20)\n    at Function.Sizzle [as find] (http://sutaay.com/__cypress/runner/cypress_runner.js:7774:9)\n    at jQuery.fn.init.find (http://sutaay.com/__cypress/runner/cypress_runner.js:9805:11)\n    at new jQuery.fn.init (http://sutaay.com/__cypress/runner/cypress_runner.js:9920:40)\n    at Object.query (http://sutaay.com/__cypress/runner/cypress_runner.js:34703:10)\n    at $Cy.$$ (http://sutaay.com/__cypress/runner/cypress_runner.js:139952:57)\n    at &lt;unknown&gt; (http://sutaay.com/__cypress/runner/cypress_runner.js:131880:18)\n    at Object.subjectFn (http://sutaay.com/__cypress/runner/cypress_runner.js:143768:16)\n    at $Cy.verifyUpcomingAssertions (http://sutaay.com/__cypress/runner/cypress_runner.js:143107:31)\n    at onRetry (http://sutaay.com/__cypress/runner/cypress_runner.js:143759:15)\n    at retryQuery (http://sutaay.com/__cypress/runner/cypress_runner.js:143772:10)\n    at &lt;unknown&gt; (http://sutaay.com/__cypress/runner/cypress_runner.js:143922:17)\n    at tryCatcher (http://sutaay.com/__cypress/runner/cypress_runner.js:1807:23)\n    at Promise._settlePromiseFromHandler (http://sutaay.com/__cypress/runner/cypress_runner.js:1519:31)\n    at Promise._settlePromise (http://sutaay.com/__cypress/runner/cypress_runner.js:1576:18)\n    at Promise._settlePromiseCtx (http://sutaay.com/__cypress/runner/cypress_runner.js:1613:10)\n    at _drainQueueStep (http://sutaay.com/__cypress/runner/cypress_runner.js:2411:12)\n    at _drainQueue (http://sutaay.com/__cypress/runner/cypress_runner.js:2400:9)\n    at Async._drainQueues (http://sutaay.com/__cypress/runner/cypress_runner.js:2416:5)\n    at Async.drainQueues (http://sutaay.com/__cypress/runner/cypress_runner.js:2286:14)&quot;,&quot;diff&quot;:null},&quot;uuid&quot;:&quot;d2004a61-1d80-4d35-bc93-4d9f0555f1fe&quot;,&quot;parentUUID&quot;:&quot;ce7f56ef-728a-488d-80b4-6e05ef5332b9&quot;,&quot;isHook&quot;:false,&quot;skipped&quot;:false}],&quot;suites&quot;:[],&quot;passes&quot;:[],&quot;failures&quot;:[&quot;d2004a61-1d80-4d35-bc93-4d9f0555f1fe&quot;],&quot;pending&quot;:[],&quot;skipped&quot;:[],&quot;duration&quot;:62146,&quot;root&quot;:false,&quot;rootEmpty&quot;:false,&quot;_timeout&quot;:2000}],&quot;passes&quot;:[],&quot;failures&quot;:[],&quot;pending&quot;:[],&quot;skipped&quot;:[],&quot;duration&quot;:0,&quot;root&quot;:true,&quot;rootEmpty&quot;:true,&quot;_timeout&quot;:2000},{&quot;uuid&quot;:&quot;870be0e9-3885-4e8b-8341-dc6c0b1e70ea&quot;,&quot;title&quot;:&quot;&quot;,&quot;fullFile&quot;:&quot;cypress\\e2e\\BillsVoucherCreateTest.cy.js&quot;,&quot;file&quot;:&quot;cypress\\e2e\\BillsVoucherCreateTest.cy.js&quot;,&quot;beforeHooks&quot;:[],&quot;afterHooks&quot;:[],&quot;tests&quot;:[],&quot;suites&quot;:[{&quot;uuid&quot;:&quot;de29a746-6972-4abe-8cf9-0fe3d3eaed6b&quot;,&quot;title&quot;:&quot;Voucher Create&quot;,&quot;fullFile&quot;:&quot;cypress\\e2e\\BillsVoucherCreateTest.cy.js&quot;,&quot;file&quot;:&quot;cypress\\e2e\\BillsVoucherCreateTest.cy.js&quot;,&quot;beforeHooks&quot;:[],&quot;afterHooks&quot;:[],&quot;tests&quot;:[{&quot;title&quot;:&quot;Verify the voucher with valid data&quot;,&quot;fullTitle&quot;:&quot;Voucher Create Verify the voucher with valid data&quot;,&quot;timedOut&quot;:null,&quot;duration&quot;:59662,&quot;state&quot;:&quot;passed&quot;,&quot;speed&quot;:&quot;slow&quot;,&quot;pass&quot;:true,&quot;fail&quot;:false,&quot;pending&quot;:false,&quot;context&quot;:null,&quot;code&quot;:&quot;gp.Stmuser();\nvc.Voucher_siderbar();\nvc.Createvoucher(); //For create voucher functionality\nvc.Randomlychoosebillnumber();\nvc.Selectbills();\nvc.Selectreviewer();\nvc.Vouchercreatebutton();\nvc.Voucher_edit(); //For voucher edit functionality\nvc.setVoucher_editcomment(\&quot;**Lorem Ipsum** \\n\&quot; + \&quot;&lt;u&gt;is simply dummy text of the printing and typesetting industry.&lt;/u&gt;\\n\&quot; + \&quot;- Lorem Ipsum has been the industry&#x27;s standard dummy text ever since the 1500s, when an unknown printer took a galley of type and scrambled it to make a type specimen book.\\n\&quot; + \&quot;- It has survived not only five centuries, but also the leap into electronic typesetting, remaining essentially unchanged. It was popularised in the 1960s with the release of Letraset sheets containing Lorem Ipsum passages, and more recently with desktop publishing software like Aldus PageMaker including versions of Lorem Ipsum.\&quot;);\nvc.Voucher_updatebutton();&quot;,&quot;err&quot;:{},&quot;uuid&quot;:&quot;c71cee53-f699-4518-9097-e7467df70d13&quot;,&quot;parentUUID&quot;:&quot;de29a746-6972-4abe-8cf9-0fe3d3eaed6b&quot;,&quot;isHook&quot;:false,&quot;skipped&quot;:false}],&quot;suites&quot;:[],&quot;passes&quot;:[&quot;c71cee53-f699-4518-9097-e7467df70d13&quot;],&quot;failures&quot;:[],&quot;pending&quot;:[],&quot;skipped&quot;:[],&quot;duration&quot;:59662,&quot;root&quot;:false,&quot;rootEmpty&quot;:false,&quot;_timeout&quot;:2000}],&quot;passes&quot;:[],&quot;failures&quot;:[],&quot;pending&quot;:[],&quot;skipped&quot;:[],&quot;duration&quot;:0,&quot;root&quot;:true,&quot;rootEmpty&quot;:true,&quot;_timeout&quot;:2000},{&quot;uuid&quot;:&quot;7497d2d6-023a-4d8b-a55d-9a9fc1c294b6&quot;,&quot;title&quot;:&quot;&quot;,&quot;fullFile&quot;:&quot;cypress\\e2e\\ExpensseCatTest.cy.js&quot;,&quot;file&quot;:&quot;cypress\\e2e\\ExpensseCatTest.cy.js&quot;,&quot;beforeHooks&quot;:[],&quot;afterHooks&quot;:[],&quot;tests&quot;:[],&quot;suites&quot;:[{&quot;uuid&quot;:&quot;2ef9241f-54a0-4909-91ce-ae0d7544fe34&quot;,&quot;title&quot;:&quot;Expensse Category&quot;,&quot;fullFile&quot;:&quot;cypress\\e2e\\ExpensseCatTest.cy.js&quot;,&quot;file&quot;:&quot;cypress\\e2e\\ExpensseCatTest.cy.js&quot;,&quot;beforeHooks&quot;:[],&quot;afterHooks&quot;:[],&quot;tests&quot;:[{&quot;title&quot;:&quot;Verify that duplicate or space value expense category should not be create&quot;,&quot;fullTitle&quot;:&quot;Expensse Category Verify that duplicate or space value expense category should not be create&quot;,&quot;timedOut&quot;:null,&quot;duration&quot;:43397,&quot;state&quot;:&quot;passed&quot;,&quot;speed&quot;:&quot;slow&quot;,&quot;pass&quot;:true,&quot;fail&quot;:false,&quot;pending&quot;:false,&quot;context&quot;:null,&quot;code&quot;:&quot;ec.Expenssecategorysidebar();\n// ec.Expensecategorylist()\n// ec.expenssecategorymodal();\nec.Addcategory();\nec.checkButtonStateOnSpace(\&quot;     \&quot;);\nec.checkButtonStateOnSpace(&#x27;Travel Expense&#x27;);\nec.Parentcategorysavebutton();\nec.setInputsubcategoryname(\&quot;Outing\&quot;);\nec.setInputsubcategorycode(\&quot;300\&quot;);\nec.Submitbutton();&quot;,&quot;err&quot;:{},&quot;uuid&quot;:&quot;8c271cce-25ac-4444-9527-2796d65d7163&quot;,&quot;parentUUID&quot;:&quot;2ef9241f-54a0-4909-91ce-ae0d7544fe34&quot;,&quot;isHook&quot;:false,&quot;skipped&quot;:false}],&quot;suites&quot;:[],&quot;passes&quot;:[&quot;8c271cce-25ac-4444-9527-2796d65d7163&quot;],&quot;failures&quot;:[],&quot;pending&quot;:[],&quot;skipped&quot;:[],&quot;duration&quot;:43397,&quot;root&quot;:false,&quot;rootEmpty&quot;:false,&quot;_timeout&quot;:2000}],&quot;passes&quot;:[],&quot;failures&quot;:[],&quot;pending&quot;:[],&quot;skipped&quot;:[],&quot;duration&quot;:0,&quot;root&quot;:true,&quot;rootEmpty&quot;:true,&quot;_timeout&quot;:2000},{&quot;uuid&quot;:&quot;898f3786-3e34-4923-aabd-3cafeb4cff1a&quot;,&quot;title&quot;:&quot;&quot;,&quot;fullFile&quot;:&quot;cypress\\e2e\\ReviewerTest.cy.js&quot;,&quot;file&quot;:&quot;cypress\\e2e\\ReviewerTest.cy.js&quot;,&quot;beforeHooks&quot;:[],&quot;afterHooks&quot;:[],&quot;tests&quot;:[],&quot;suites&quot;:[{&quot;uuid&quot;:&quot;c2940b73-2626-4802-8be3-1a364e3dfbbe&quot;,&quot;title&quot;:&quot;Reviewer review the voucher &amp; approver approve the voucher&quot;,&quot;fullFile&quot;:&quot;cypress\\e2e\\ReviewerTest.cy.js&quot;,&quot;file&quot;:&quot;cypress\\e2e\\ReviewerTest.cy.js&quot;,&quot;beforeHooks&quot;:[],&quot;afterHooks&quot;:[],&quot;tests&quot;:[{&quot;title&quot;:&quot;Verify the reviewer &amp; approver perfom well enough&quot;,&quot;fullTitle&quot;:&quot;Reviewer review the voucher &amp; approver approve the voucher Verify the reviewer &amp; approver perfom well enough&quot;,&quot;timedOut&quot;:null,&quot;duration&quot;:35372,&quot;state&quot;:&quot;passed&quot;,&quot;speed&quot;:&quot;slow&quot;,&quot;pass&quot;:true,&quot;fail&quot;:false,&quot;pending&quot;:false,&quot;context&quot;:null,&quot;code&quot;:&quot;gp.Manageruser();\nvc.Voucher_siderbar();\nvc.Voucher_details();\nvc.Voucher_reviews();\nvc.setReview_comment(\&quot;Make your voucher recheck if either found any error or issue then solve it neither it&#x27;s ok\&quot;);\nvc.Submitreview();&quot;,&quot;err&quot;:{},&quot;uuid&quot;:&quot;8afa8a3a-43ff-45b1-8641-6abd29122fb9&quot;,&quot;parentUUID&quot;:&quot;c2940b73-2626-4802-8be3-1a364e3dfbbe&quot;,&quot;isHook&quot;:false,&quot;skipped&quot;:false},{&quot;title&quot;:&quot;Verify the resolver resolve the review&quot;,&quot;fullTitle&quot;:&quot;Reviewer review the voucher &amp; approver approve the voucher Verify the resolver resolve the review&quot;,&quot;timedOut&quot;:null,&quot;duration&quot;:31478,&quot;state&quot;:&quot;passed&quot;,&quot;speed&quot;:&quot;slow&quot;,&quot;pass&quot;:true,&quot;fail&quot;:false,&quot;pending&quot;:false,&quot;context&quot;:null,&quot;code&quot;:&quot;gp.Stmuser();\nvc.Voucher_siderbar();\nvc.Voucher_details();\nvc.Voucher_reviews();\nvc.setResolve_comment(\&quot;Nothing change all ok\&quot;);\nvc.Submit_resolve();&quot;,&quot;err&quot;:{},&quot;uuid&quot;:&quot;1733bb55-584f-4a39-93cf-c7d7fdfa8905&quot;,&quot;parentUUID&quot;:&quot;c2940b73-2626-4802-8be3-1a364e3dfbbe&quot;,&quot;isHook&quot;:false,&quot;skipped&quot;:false},{&quot;title&quot;:&quot;Verify verified the review from queries then approver approve the verified voucher&quot;,&quot;fullTitle&quot;:&quot;Reviewer review the voucher &amp; approver approve the voucher Verify verified the review from queries then approver approve the verified voucher&quot;,&quot;timedOut&quot;:null,&quot;duration&quot;:49620,&quot;state&quot;:&quot;passed&quot;,&quot;speed&quot;:&quot;slow&quot;,&quot;pass&quot;:true,&quot;fail&quot;:false,&quot;pending&quot;:false,&quot;context&quot;:null,&quot;code&quot;:&quot;gp.Manageruser();\nqr.Querissidebar(); //Reviewer verify the review then approve the verified review\nqr.Queriesvouchernumber();\nqr.Queriesvouchercursor();\nqr.Vouchermatches();\nqr.Queriesvouchercreatedby();\ngp.Navigatetoback();\nqr.Queriesverify();\nqr.Queriesverifyvoucher();\nvc.Voucher_details();\nvc.Voucherapprove();\nvc.Verifyapprove();\nbap.Balancesidebar();&quot;,&quot;err&quot;:{},&quot;uuid&quot;:&quot;1e2ded19-8f6b-4bb4-9eb7-8b297603287d&quot;,&quot;parentUUID&quot;:&quot;c2940b73-2626-4802-8be3-1a364e3dfbbe&quot;,&quot;isHook&quot;:false,&quot;skipped&quot;:false}],&quot;suites&quot;:[],&quot;passes&quot;:[&quot;8afa8a3a-43ff-45b1-8641-6abd29122fb9&quot;,&quot;1733bb55-584f-4a39-93cf-c7d7fdfa8905&quot;,&quot;1e2ded19-8f6b-4bb4-9eb7-8b297603287d&quot;],&quot;failures&quot;:[],&quot;pending&quot;:[],&quot;skipped&quot;:[],&quot;duration&quot;:116470,&quot;root&quot;:false,&quot;rootEmpty&quot;:false,&quot;_timeout&quot;:2000}],&quot;passes&quot;:[],&quot;failures&quot;:[],&quot;pending&quot;:[],&quot;skipped&quot;:[],&quot;duration&quot;:0,&quot;root&quot;:true,&quot;rootEmpty&quot;:true,&quot;_timeout&quot;:2000},{&quot;uuid&quot;:&quot;ea000d11-81cb-484d-a9ca-4c771600e525&quot;,&quot;title&quot;:&quot;&quot;,&quot;fullFile&quot;:&quot;cypress\\e2e\\UserCreateTest.cy.js&quot;,&quot;file&quot;:&quot;cypress\\e2e\\UserCreateTest.cy.js&quot;,&quot;beforeHooks&quot;:[],&quot;afterHooks&quot;:[],&quot;tests&quot;:[],&quot;suites&quot;:[{&quot;uuid&quot;:&quot;c66e70ca-5917-405e-bff0-fa7cf5fa4322&quot;,&quot;title&quot;:&quot;Add User - User Create Functional Testing&quot;,&quot;fullFile&quot;:&quot;cypress\\e2e\\UserCreateTest.cy.js&quot;,&quot;file&quot;:&quot;cypress\\e2e\\UserCreateTest.cy.js&quot;,&quot;beforeHooks&quot;:[],&quot;afterHooks&quot;:[],&quot;tests&quot;:[{&quot;title&quot;:&quot;Verify the first name field  should perform well&quot;,&quot;fullTitle&quot;:&quot;Add User - User Create Functional Testing Verify the first name field  should perform well&quot;,&quot;timedOut&quot;:null,&quot;duration&quot;:51010,&quot;state&quot;:&quot;failed&quot;,&quot;speed&quot;:null,&quot;pass&quot;:false,&quot;fail&quot;:true,&quot;pending&quot;:false,&quot;context&quot;:&quot;[\n    {\n        \&quot;title\&quot;: \&quot;Failed screenshot\&quot;,\n        \&quot;value\&quot;: \&quot;screenshots\\\\UserCreateTest.cy.js/Add%20User%20-%20User%20Create%20Functional%20Testing%20--%20Verify%20the%20first%20name%20field%20%20should%20perform%20well%20(failed).png\&quot;\n    }\n]&quot;,&quot;code&quot;:&quot;us.Firstnamefield(&#x27;!@#&#x27;);\nus.Firstnamefield(&#x27;1234&#x27;);\nus.Firstnamefield(&#x27;John Doe&#x27;);&quot;,&quot;err&quot;:{&quot;message&quot;:&quot;AssertionError: Timed out retrying after 4000ms: expected &#x27;&lt;input.bg-gray-50.border.border-gray-300.text-gray-900.rounded-lg.focus:ring-blue-500.focus:border-blue-500.block.w-full.dark:bg-gray-700.dark:border-gray-600.dark:placeholder-gray-400.dark:text-white.dark:focus:ring-blue-500.dark:focus:border-blue-500.p-2.5.text-sm&gt;&#x27; to have value &#x27;John Doe&#x27;, but the value was &#x27;JohnDoe&#x27;&quot;,&quot;estack&quot;:&quot;AssertionError: Timed out retrying after 4000ms: expected &#x27;&lt;input.bg-gray-50.border.border-gray-300.text-gray-900.rounded-lg.focus:ring-blue-500.focus:border-blue-500.block.w-full.dark:bg-gray-700.dark:border-gray-600.dark:placeholder-gray-400.dark:text-white.dark:focus:ring-blue-500.dark:focus:border-blue-500.p-2.5.text-sm&gt;&#x27; to have value &#x27;John Doe&#x27;, but the value was &#x27;JohnDoe&#x27;\n    at UserPage.Firstnamefield (webpack://pettycash/./cypress/pageobject/UserPage.js:21:35)\n    at Context.eval (webpack://pettycash/./cypress/e2e/UserCreateTest.cy.js:19:11)&quot;,&quot;diff&quot;:&quot;- &#x27;JohnDoe&#x27;\n+ &#x27;John Doe&#x27;\n&quot;},&quot;uuid&quot;:&quot;2a4da5fd-6bae-4859-a67b-563ec04de27a&quot;,&quot;parentUUID&quot;:&quot;c66e70ca-5917-405e-bff0-fa7cf5fa4322&quot;,&quot;isHook&quot;:false,&quot;skipped&quot;:false},{&quot;title&quot;:&quot;Verify the second name field  should perform well&quot;,&quot;fullTitle&quot;:&quot;Add User - User Create Functional Testing Verify the second name field  should perform well&quot;,&quot;timedOut&quot;:null,&quot;duration&quot;:43818,&quot;state&quot;:&quot;failed&quot;,&quot;speed&quot;:null,&quot;pass&quot;:false,&quot;fail&quot;:true,&quot;pending&quot;:false,&quot;context&quot;:&quot;[\n    {\n        \&quot;title\&quot;: \&quot;Failed screenshot\&quot;,\n        \&quot;value\&quot;: \&quot;screenshots\\\\UserCreateTest.cy.js/Add%20User%20-%20User%20Create%20Functional%20Testing%20--%20Verify%20the%20second%20name%20field%20%20should%20perform%20well%20(failed).png\&quot;\n    }\n]&quot;,&quot;code&quot;:&quot;us.Secondnamefield(&#x27;!@#&#x27;);\nus.Secondnamefield(&#x27;1234&#x27;);\nus.Secondnamefield(&#x27;John Doe&#x27;);&quot;,&quot;err&quot;:{&quot;message&quot;:&quot;AssertionError: Timed out retrying after 4000ms: expected &#x27;&lt;input.bg-gray-50.border.border-gray-300.text-gray-900.rounded-lg.focus:ring-blue-500.focus:border-blue-500.block.w-full.dark:bg-gray-700.dark:border-gray-600.dark:placeholder-gray-400.dark:text-white.dark:focus:ring-blue-500.dark:focus:border-blue-500.p-2.5.text-sm&gt;&#x27; to have value &#x27;John Doe&#x27;, but the value was &#x27;JohnDoe&#x27;&quot;,&quot;estack&quot;:&quot;AssertionError: Timed out retrying after 4000ms: expected &#x27;&lt;input.bg-gray-50.border.border-gray-300.text-gray-900.rounded-lg.focus:ring-blue-500.focus:border-blue-500.block.w-full.dark:bg-gray-700.dark:border-gray-600.dark:placeholder-gray-400.dark:text-white.dark:focus:ring-blue-500.dark:focus:border-blue-500.p-2.5.text-sm&gt;&#x27; to have value &#x27;John Doe&#x27;, but the value was &#x27;JohnDoe&#x27;\n    at UserPage.Secondnamefield (webpack://pettycash/./cypress/pageobject/UserPage.js:33:36)\n    at Context.eval (webpack://pettycash/./cypress/e2e/UserCreateTest.cy.js:26:11)&quot;,&quot;diff&quot;:&quot;- &#x27;JohnDoe&#x27;\n+ &#x27;John Doe&#x27;\n&quot;},&quot;uuid&quot;:&quot;7e404377-2a48-4895-b59f-dd74f59beb31&quot;,&quot;parentUUID&quot;:&quot;c66e70ca-5917-405e-bff0-fa7cf5fa4322&quot;,&quot;isHook&quot;:false,&quot;skipped&quot;:false},{&quot;title&quot;:&quot;Verify the phone number field validation&quot;,&quot;fullTitle&quot;:&quot;Add User - User Create Functional Testing Verify the phone number field validation&quot;,&quot;timedOut&quot;:null,&quot;duration&quot;:44646,&quot;state&quot;:&quot;failed&quot;,&quot;speed&quot;:null,&quot;pass&quot;:false,&quot;fail&quot;:true,&quot;pending&quot;:false,&quot;context&quot;:&quot;[\n    {\n        \&quot;title\&quot;: \&quot;Failed screenshot\&quot;,\n        \&quot;value\&quot;: \&quot;screenshots\\\\UserCreateTest.cy.js/Add%20User%20-%20User%20Create%20Functional%20Testing%20--%20Verify%20the%20phone%20number%20field%20validation%20(failed).png\&quot;\n    }\n]&quot;,&quot;code&quot;:&quot;us.Validatecontactnumber(&#x27;0123456789&#x27;);\nus.Validatecontactnumber(&#x27;012345678912&#x27;);\nus.Validatecontactnumber(&#x27;01234567891&#x27;);\nus.Validatecontactnumber(&#x27;01773672876&#x27;);&quot;,&quot;err&quot;:{&quot;message&quot;:&quot;AssertionError: Timed out retrying after 4000ms: Expected to find element: `(//p[@class=&#x27;text-red-600 absolute text-xs my-2&#x27;])[1]`, but never found it.&quot;,&quot;estack&quot;:&quot;AssertionError: Timed out retrying after 4000ms: Expected to find element: `(//p[@class=&#x27;text-red-600 absolute text-xs my-2&#x27;])[1]`, but never found it.\n    at UserPage.Contactnumbernotvalid (webpack://pettycash/./cypress/pageobject/UserPage.js:42:74)\n    at UserPage.Validatecontactnumber (webpack://pettycash/./cypress/pageobject/UserPage.js:52:17)\n    at Context.eval (webpack://pettycash/./cypress/e2e/UserCreateTest.cy.js:35:11)&quot;,&quot;diff&quot;:null},&quot;uuid&quot;:&quot;51a21114-897d-454b-baf2-73e32701091f&quot;,&quot;parentUUID&quot;:&quot;c66e70ca-5917-405e-bff0-fa7cf5fa4322&quot;,&quot;isHook&quot;:false,&quot;skipped&quot;:false},{&quot;title&quot;:&quot;Verify the email invalid email functionality&quot;,&quot;fullTitle&quot;:&quot;Add User - User Create Functional Testing Verify the email invalid email functionality&quot;,&quot;timedOut&quot;:null,&quot;duration&quot;:35345,&quot;state&quot;:&quot;failed&quot;,&quot;speed&quot;:null,&quot;pass&quot;:false,&quot;fail&quot;:true,&quot;pending&quot;:false,&quot;context&quot;:&quot;[\n    {\n        \&quot;title\&quot;: \&quot;Failed screenshot\&quot;,\n        \&quot;value\&quot;: \&quot;screenshots\\\\UserCreateTest.cy.js/Add%20User%20-%20User%20Create%20Functional%20Testing%20--%20Verify%20the%20email%20invalid%20email%20functionality%20(failed).png\&quot;\n    }\n]&quot;,&quot;code&quot;:&quot;us.setEmailAndVerifyErrors();&quot;,&quot;err&quot;:{&quot;message&quot;:&quot;AssertionError: Timed out retrying after 4000ms: Expected to find element: `(//p[@class=&#x27;absolute text-red-600 text-xs my-2&#x27;])[1]`, but never found it.&quot;,&quot;estack&quot;:&quot;AssertionError: Timed out retrying after 4000ms: Expected to find element: `(//p[@class=&#x27;absolute text-red-600 text-xs my-2&#x27;])[1]`, but never found it.\n    at eval (webpack://pettycash/./cypress/pageobject/UserPage.js:98:17)\nat Array.forEach (&lt;anonymous&gt;)\n    at UserPage.setEmailAndVerifyErrors (webpack://pettycash/./cypress/pageobject/UserPage.js:92:22)\n    at Context.eval (webpack://pettycash/./cypress/e2e/UserCreateTest.cy.js:41:11)&quot;,&quot;diff&quot;:null},&quot;uuid&quot;:&quot;3dc173ed-3bd0-435d-bd38-49f3919d9f2f&quot;,&quot;parentUUID&quot;:&quot;c66e70ca-5917-405e-bff0-fa7cf5fa4322&quot;,&quot;isHook&quot;:false,&quot;skipped&quot;:false},{&quot;title&quot;:&quot;Verify the create user functionality with invalid data&quot;,&quot;fullTitle&quot;:&quot;Add User - User Create Functional Testing Verify the create user functionality with invalid data&quot;,&quot;timedOut&quot;:null,&quot;duration&quot;:40949,&quot;state&quot;:&quot;failed&quot;,&quot;speed&quot;:null,&quot;pass&quot;:false,&quot;fail&quot;:true,&quot;pending&quot;:false,&quot;context&quot;:&quot;[\n    {\n        \&quot;title\&quot;: \&quot;Failed screenshot\&quot;,\n        \&quot;value\&quot;: \&quot;screenshots\\\\UserCreateTest.cy.js/Add%20User%20-%20User%20Create%20Functional%20Testing%20--%20Verify%20the%20create%20user%20functionality%20with%20invalid%20data%20(failed).png\&quot;\n    }\n]&quot;,&quot;code&quot;:&quot;us.Invaliduserdata();&quot;,&quot;err&quot;:{&quot;message&quot;:&quot;AssertionError: Timed out retrying after 4000ms: Expected to find element: `//div[@class=&#x27;v-toast v-toast--top&#x27;]`, but never found it.&quot;,&quot;estack&quot;:&quot;AssertionError: Timed out retrying after 4000ms: Expected to find element: `//div[@class=&#x27;v-toast v-toast--top&#x27;]`, but never found it.\n    at UserPage.Invaliduserdata (webpack://pettycash/./cypress/pageobject/UserPage.js:138:57)\n    at Context.eval (webpack://pettycash/./cypress/e2e/UserCreateTest.cy.js:45:11)&quot;,&quot;diff&quot;:null},&quot;uuid&quot;:&quot;105140c8-5e36-47b8-a530-86626c851ad5&quot;,&quot;parentUUID&quot;:&quot;c66e70ca-5917-405e-bff0-fa7cf5fa4322&quot;,&quot;isHook&quot;:false,&quot;skipped&quot;:false}],&quot;suites&quot;:[],&quot;passes&quot;:[],&quot;failures&quot;:[&quot;2a4da5fd-6bae-4859-a67b-563ec04de27a&quot;,&quot;7e404377-2a48-4895-b59f-dd74f59beb31&quot;,&quot;51a21114-897d-454b-baf2-73e32701091f&quot;,&quot;3dc173ed-3bd0-435d-bd38-49f3919d9f2f&quot;,&quot;105140c8-5e36-47b8-a530-86626c851ad5&quot;],&quot;pending&quot;:[],&quot;skipped&quot;:[],&quot;duration&quot;:215768,&quot;root&quot;:false,&quot;rootEmpty&quot;:false,&quot;_timeout&quot;:2000}],&quot;passes&quot;:[],&quot;failures&quot;:[],&quot;pending&quot;:[],&quot;skipped&quot;:[],&quot;duration&quot;:0,&quot;root&quot;:true,&quot;rootEmpty&quot;:true,&quot;_timeout&quot;:2000},{&quot;uuid&quot;:&quot;112d560a-5212-4515-b551-3be09429bf57&quot;,&quot;title&quot;:&quot;&quot;,&quot;fullFile&quot;:&quot;cypress\\e2e\\UserEditTest.cy.js&quot;,&quot;file&quot;:&quot;cypress\\e2e\\UserEditTest.cy.js&quot;,&quot;beforeHooks&quot;:[],&quot;afterHooks&quot;:[],&quot;tests&quot;:[],&quot;suites&quot;:[{&quot;uuid&quot;:&quot;c797ab37-f9fc-4699-bfb2-fb2e77ddea70&quot;,&quot;title&quot;:&quot;Add User - User Create Functional Testing&quot;,&quot;fullFile&quot;:&quot;cypress\\e2e\\UserEditTest.cy.js&quot;,&quot;file&quot;:&quot;cypress\\e2e\\UserEditTest.cy.js&quot;,&quot;beforeHooks&quot;:[],&quot;afterHooks&quot;:[],&quot;tests&quot;:[{&quot;title&quot;:&quot;Should not update succesffuly with invalid data&quot;,&quot;fullTitle&quot;:&quot;Add User - User Create Functional Testing Should not update succesffuly with invalid data&quot;,&quot;timedOut&quot;:null,&quot;duration&quot;:33209,&quot;state&quot;:&quot;passed&quot;,&quot;speed&quot;:&quot;slow&quot;,&quot;pass&quot;:true,&quot;fail&quot;:false,&quot;pending&quot;:false,&quot;context&quot;:null,&quot;code&quot;:&quot;us.Invalidedituserdata();&quot;,&quot;err&quot;:{},&quot;uuid&quot;:&quot;c092bb30-fc12-47c7-83fd-bd4aed024397&quot;,&quot;parentUUID&quot;:&quot;c797ab37-f9fc-4699-bfb2-fb2e77ddea70&quot;,&quot;isHook&quot;:false,&quot;skipped&quot;:false},{&quot;title&quot;:&quot;Verify the edit first name field  should perform well&quot;,&quot;fullTitle&quot;:&quot;Add User - User Create Functional Testing Verify the edit first name field  should perform well&quot;,&quot;timedOut&quot;:null,&quot;duration&quot;:40479,&quot;state&quot;:&quot;failed&quot;,&quot;speed&quot;:null,&quot;pass&quot;:false,&quot;fail&quot;:true,&quot;pending&quot;:false,&quot;context&quot;:&quot;[\n    {\n        \&quot;title\&quot;: \&quot;Failed screenshot\&quot;,\n        \&quot;value\&quot;: \&quot;screenshots\\\\UserEditTest.cy.js/Add%20User%20-%20User%20Create%20Functional%20Testing%20--%20Verify%20the%20edit%20first%20name%20field%20%20should%20perform%20well%20(failed).png\&quot;\n    }\n]&quot;,&quot;code&quot;:&quot;us.Editfirstnamefield(&#x27;!@#&#x27;);\nus.Editfirstnamefield(&#x27;1234&#x27;);\nus.Editfirstnamefield(&#x27;John Doe&#x27;);&quot;,&quot;err&quot;:{&quot;message&quot;:&quot;AssertionError: Timed out retrying after 4000ms: expected &#x27;&lt;input.bg-gray-50.border.border-gray-300.text-gray-900.rounded-lg.focus:ring-blue-500.focus:border-blue-500.block.w-full.dark:bg-gray-700.dark:border-gray-600.dark:placeholder-gray-400.dark:text-white.dark:focus:ring-blue-500.dark:focus:border-blue-500.p-2.5.text-sm&gt;&#x27; to have value &#x27;John Doe&#x27;, but the value was &#x27;JohnDoe&#x27;&quot;,&quot;estack&quot;:&quot;AssertionError: Timed out retrying after 4000ms: expected &#x27;&lt;input.bg-gray-50.border.border-gray-300.text-gray-900.rounded-lg.focus:ring-blue-500.focus:border-blue-500.block.w-full.dark:bg-gray-700.dark:border-gray-600.dark:placeholder-gray-400.dark:text-white.dark:focus:ring-blue-500.dark:focus:border-blue-500.p-2.5.text-sm&gt;&#x27; to have value &#x27;John Doe&#x27;, but the value was &#x27;JohnDoe&#x27;\n    at UserPage.Editfirstnamefield (webpack://pettycash/./cypress/pageobject/UserPage.js:157:39)\n    at Context.eval (webpack://pettycash/./cypress/e2e/UserEditTest.cy.js:22:11)&quot;,&quot;diff&quot;:&quot;- &#x27;JohnDoe&#x27;\n+ &#x27;John Doe&#x27;\n&quot;},&quot;uuid&quot;:&quot;528b6b6b-bc4a-4ff6-926d-b65d519c0fea&quot;,&quot;parentUUID&quot;:&quot;c797ab37-f9fc-4699-bfb2-fb2e77ddea70&quot;,&quot;isHook&quot;:false,&quot;skipped&quot;:false},{&quot;title&quot;:&quot;Verify the edit second name field  should perform well&quot;,&quot;fullTitle&quot;:&quot;Add User - User Create Functional Testing Verify the edit second name field  should perform well&quot;,&quot;timedOut&quot;:null,&quot;duration&quot;:30608,&quot;state&quot;:&quot;failed&quot;,&quot;speed&quot;:null,&quot;pass&quot;:false,&quot;fail&quot;:true,&quot;pending&quot;:false,&quot;context&quot;:&quot;[\n    {\n        \&quot;title\&quot;: \&quot;Failed screenshot\&quot;,\n        \&quot;value\&quot;: \&quot;screenshots\\\\UserEditTest.cy.js/Add%20User%20-%20User%20Create%20Functional%20Testing%20--%20Verify%20the%20edit%20second%20name%20field%20%20should%20perform%20well%20(failed).png\&quot;\n    }\n]&quot;,&quot;code&quot;:&quot;us.Secondnamefield(&#x27;!@#&#x27;);\nus.Secondnamefield(&#x27;1234&#x27;);\nus.Secondnamefield(&#x27;John Doe&#x27;);&quot;,&quot;err&quot;:{&quot;message&quot;:&quot;AssertionError: Timed out retrying after 4000ms: Expected to find element: `//input[@placeholder=&#x27;Iqbal&#x27;]`, but never found it.&quot;,&quot;estack&quot;:&quot;AssertionError: Timed out retrying after 4000ms: Expected to find element: `//input[@placeholder=&#x27;Iqbal&#x27;]`, but never found it.\n    at UserPage.Secondnamefield (webpack://pettycash/./cypress/pageobject/UserPage.js:27:11)\n    at Context.eval (webpack://pettycash/./cypress/e2e/UserEditTest.cy.js:29:11)&quot;,&quot;diff&quot;:null},&quot;uuid&quot;:&quot;6ce6d8fe-e7a4-4d34-b630-61fbe59e2fc5&quot;,&quot;parentUUID&quot;:&quot;c797ab37-f9fc-4699-bfb2-fb2e77ddea70&quot;,&quot;isHook&quot;:false,&quot;skipped&quot;:false},{&quot;title&quot;:&quot;Verify the phone number field validation&quot;,&quot;fullTitle&quot;:&quot;Add User - User Create Functional Testing Verify the phone number field validation&quot;,&quot;timedOut&quot;:null,&quot;duration&quot;:41759,&quot;state&quot;:&quot;failed&quot;,&quot;speed&quot;:null,&quot;pass&quot;:false,&quot;fail&quot;:true,&quot;pending&quot;:false,&quot;context&quot;:&quot;[\n    {\n        \&quot;title\&quot;: \&quot;Failed screenshot\&quot;,\n        \&quot;value\&quot;: \&quot;screenshots\\\\UserEditTest.cy.js/Add%20User%20-%20User%20Create%20Functional%20Testing%20--%20Verify%20the%20phone%20number%20field%20validation%20(failed).png\&quot;\n    }\n]&quot;,&quot;code&quot;:&quot;us.Validatecontactnumber(&#x27;0123456789&#x27;);\nus.Validatecontactnumber(&#x27;012345678912&#x27;);\nus.Validatecontactnumber(&#x27;01234567891&#x27;);\nus.Validatecontactnumber(&#x27;01773672876&#x27;);&quot;,&quot;err&quot;:{&quot;message&quot;:&quot;AssertionError: Timed out retrying after 4000ms: Expected to find element: `(//p[@class=&#x27;text-red-600 absolute text-xs my-2&#x27;])[1]`, but never found it.&quot;,&quot;estack&quot;:&quot;AssertionError: Timed out retrying after 4000ms: Expected to find element: `(//p[@class=&#x27;text-red-600 absolute text-xs my-2&#x27;])[1]`, but never found it.\n    at UserPage.Contactnumbernotvalid (webpack://pettycash/./cypress/pageobject/UserPage.js:42:74)\n    at UserPage.Validatecontactnumber (webpack://pettycash/./cypress/pageobject/UserPage.js:52:17)\n    at Context.eval (webpack://pettycash/./cypress/e2e/UserEditTest.cy.js:38:11)&quot;,&quot;diff&quot;:null},&quot;uuid&quot;:&quot;6fed5129-c247-478a-8edc-a6f7624ede35&quot;,&quot;parentUUID&quot;:&quot;c797ab37-f9fc-4699-bfb2-fb2e77ddea70&quot;,&quot;isHook&quot;:false,&quot;skipped&quot;:false},{&quot;title&quot;:&quot;Verify the email invalid email functionality&quot;,&quot;fullTitle&quot;:&quot;Add User - User Create Functional Testing Verify the email invalid email functionality&quot;,&quot;timedOut&quot;:null,&quot;duration&quot;:32908,&quot;state&quot;:&quot;failed&quot;,&quot;speed&quot;:null,&quot;pass&quot;:false,&quot;fail&quot;:true,&quot;pending&quot;:false,&quot;context&quot;:&quot;[\n    {\n        \&quot;title\&quot;: \&quot;Failed screenshot\&quot;,\n        \&quot;value\&quot;: \&quot;screenshots\\\\UserEditTest.cy.js/Add%20User%20-%20User%20Create%20Functional%20Testing%20--%20Verify%20the%20email%20invalid%20email%20functionality%20(failed).png\&quot;\n    }\n]&quot;,&quot;code&quot;:&quot;us.setEmailAndVerifyErrors();&quot;,&quot;err&quot;:{&quot;message&quot;:&quot;AssertionError: Timed out retrying after 4000ms: Expected to find element: `(//p[@class=&#x27;absolute text-red-600 text-xs my-2&#x27;])[1]`, but never found it.&quot;,&quot;estack&quot;:&quot;AssertionError: Timed out retrying after 4000ms: Expected to find element: `(//p[@class=&#x27;absolute text-red-600 text-xs my-2&#x27;])[1]`, but never found it.\n    at eval (webpack://pettycash/./cypress/pageobject/UserPage.js:98:17)\nat Array.forEach (&lt;anonymous&gt;)\n    at UserPage.setEmailAndVerifyErrors (webpack://pettycash/./cypress/pageobject/UserPage.js:92:22)\n    at Context.eval (webpack://pettycash/./cypress/e2e/UserEditTest.cy.js:44:11)&quot;,&quot;diff&quot;:null},&quot;uuid&quot;:&quot;1644fd76-122d-4e55-8387-6e40da85e954&quot;,&quot;parentUUID&quot;:&quot;c797ab37-f9fc-4699-bfb2-fb2e77ddea70&quot;,&quot;isHook&quot;:false,&quot;skipped&quot;:false}],&quot;suites&quot;:[],&quot;passes&quot;:[&quot;c092bb30-fc12-47c7-83fd-bd4aed024397&quot;],&quot;failures&quot;:[&quot;528b6b6b-bc4a-4ff6-926d-b65d519c0fea&quot;,&quot;6ce6d8fe-e7a4-4d34-b630-61fbe59e2fc5&quot;,&quot;6fed5129-c247-478a-8edc-a6f7624ede35&quot;,&quot;1644fd76-122d-4e55-8387-6e40da85e954&quot;],&quot;pending&quot;:[],&quot;skipped&quot;:[],&quot;duration&quot;:178963,&quot;root&quot;:false,&quot;rootEmpty&quot;:false,&quot;_timeout&quot;:2000}],&quot;passes&quot;:[],&quot;failures&quot;:[],&quot;pending&quot;:[],&quot;skipped&quot;:[],&quot;duration&quot;:0,&quot;root&quot;:true,&quot;rootEmpty&quot;:true,&quot;_timeout&quot;:2000},{&quot;uuid&quot;:&quot;bfeaf49a-2c69-4fde-bf30-0e8e09a0ae4f&quot;,&quot;title&quot;:&quot;&quot;,&quot;fullFile&quot;:&quot;cypress\\e2e\\BalanceTest.cy.js&quot;,&quot;file&quot;:&quot;cypress\\e2e\\BalanceTest.cy.js&quot;,&quot;beforeHooks&quot;:[],&quot;afterHooks&quot;:[],&quot;tests&quot;:[],&quot;suites&quot;:[{&quot;uuid&quot;:&quot;ec2945f1-b7a4-462f-bcec-2dba8855fc8d&quot;,&quot;title&quot;:&quot;Balance Test&quot;,&quot;fullFile&quot;:&quot;cypress\\e2e\\BalanceTest.cy.js&quot;,&quot;file&quot;:&quot;cypress\\e2e\\BalanceTest.cy.js&quot;,&quot;beforeHooks&quot;:[],&quot;afterHooks&quot;:[],&quot;tests&quot;:[{&quot;title&quot;:&quot;Verify that initiator create reimbursement request&quot;,&quot;fullTitle&quot;:&quot;Balance Test Verify that initiator create reimbursement request&quot;,&quot;timedOut&quot;:null,&quot;duration&quot;:32300,&quot;state&quot;:&quot;passed&quot;,&quot;speed&quot;:&quot;slow&quot;,&quot;pass&quot;:true,&quot;fail&quot;:false,&quot;pending&quot;:false,&quot;context&quot;:null,&quot;code&quot;:&quot;gp.Stmuser();\nbap.Balancesidebar();\nbap.Balancerequest(); //Create Reimbursement Request\nbap.setRequestamount(&#x27;200&#x27;);\nbap.setReimbursementdetails(\&quot;That amount need for office expense\&quot;);\nbap.Reimbursementrequestsubmit();&quot;,&quot;err&quot;:{},&quot;uuid&quot;:&quot;a8b7e743-eb71-4fa5-bc87-12d73bec6866&quot;,&quot;parentUUID&quot;:&quot;ec2945f1-b7a4-462f-bcec-2dba8855fc8d&quot;,&quot;isHook&quot;:false,&quot;skipped&quot;:false},{&quot;title&quot;:&quot;Verify that approver or admin approve the reimbursement request&quot;,&quot;fullTitle&quot;:&quot;Balance Test Verify that approver or admin approve the reimbursement request&quot;,&quot;timedOut&quot;:null,&quot;duration&quot;:28306,&quot;state&quot;:&quot;passed&quot;,&quot;speed&quot;:&quot;slow&quot;,&quot;pass&quot;:true,&quot;fail&quot;:false,&quot;pending&quot;:false,&quot;context&quot;:null,&quot;code&quot;:&quot;gp.Manageruser();\nbap.Balancesidebar();\nbap.Reimbursementbutton();\nbap.Reimbursementtablestatuspending();\nbap.Reimbursementapproveamount(); //Approve The Reimbursement Request\n//bap.Reimbursmentbackground();\nbap.Approvebutton();\nbap.Verifyapprovebutton();&quot;,&quot;err&quot;:{},&quot;uuid&quot;:&quot;a6c475c9-5171-4d4b-bfe1-6c832bb26871&quot;,&quot;parentUUID&quot;:&quot;ec2945f1-b7a4-462f-bcec-2dba8855fc8d&quot;,&quot;isHook&quot;:false,&quot;skipped&quot;:false},{&quot;title&quot;:&quot;Verify the reciver or initiator section to performimng recive amount&quot;,&quot;fullTitle&quot;:&quot;Balance Test Verify the reciver or initiator section to performimng recive amount&quot;,&quot;timedOut&quot;:null,&quot;duration&quot;:34080,&quot;state&quot;:&quot;passed&quot;,&quot;speed&quot;:&quot;slow&quot;,&quot;pass&quot;:true,&quot;fail&quot;:false,&quot;pending&quot;:false,&quot;context&quot;:null,&quot;code&quot;:&quot;gp.Stmuser();\nbap.Balancesidebar();\nbap.Reimbursementbutton();\nbap.Reimbursmenttablestatusapprove(); //Reciver recive the amount\nbap.Recivebutton();\nbap.setsourceofreimbursemnt(&#x27;   &#x27;);\nbap.Modalrecivedbutton();&quot;,&quot;err&quot;:{},&quot;uuid&quot;:&quot;d34fac2f-3eec-484c-810a-907d2d0629ec&quot;,&quot;parentUUID&quot;:&quot;ec2945f1-b7a4-462f-bcec-2dba8855fc8d&quot;,&quot;isHook&quot;:false,&quot;skipped&quot;:false}],&quot;suites&quot;:[],&quot;passes&quot;:[&quot;a8b7e743-eb71-4fa5-bc87-12d73bec6866&quot;,&quot;a6c475c9-5171-4d4b-bfe1-6c832bb26871&quot;,&quot;d34fac2f-3eec-484c-810a-907d2d0629ec&quot;],&quot;failures&quot;:[],&quot;pending&quot;:[],&quot;skipped&quot;:[],&quot;duration&quot;:94686,&quot;root&quot;:false,&quot;rootEmpty&quot;:false,&quot;_timeout&quot;:2000}],&quot;passes&quot;:[],&quot;failures&quot;:[],&quot;pending&quot;:[],&quot;skipped&quot;:[],&quot;duration&quot;:0,&quot;root&quot;:true,&quot;rootEmpty&quot;:true,&quot;_timeout&quot;:2000}],&quot;meta&quot;:{&quot;mocha&quot;:{&quot;version&quot;:&quot;7.0.1&quot;},&quot;mochawesome&quot;:{&quot;options&quot;:{&quot;quiet&quot;:false,&quot;reportFilename&quot;:&quot;mochawesome&quot;,&quot;saveHtml&quot;:false,&quot;saveJson&quot;:true,&quot;consoleReporter&quot;:&quot;spec&quot;,&quot;useInlineDiffs&quot;:false,&quot;code&quot;:true},&quot;version&quot;:&quot;7.1.3&quot;},&quot;marge&quot;:{&quot;options&quot;:{&quot;overwrite&quot;:false,&quot;html&quot;:false,&quot;json&quot;:true,&quot;reportDir&quot;:&quot;cypress\\reports\\html\\.jsons&quot;},&quot;version&quot;:&quot;6.2.0&quot;}}}" data-config="{&quot;reportFilename&quot;:&quot;index.html&quot;,&quot;reportDir&quot;:&quot;C:\\Users\\SOFTZINO\\cypress\\pettycash-cy\\cypress\\reports\\html&quot;,&quot;reportTitle&quot;:&quot;pettycash-cy&quot;,&quot;reportPageTitle&quot;:&quot;Mochawesome Report&quot;,&quot;inline&quot;:false,&quot;inlineAssets&quot;:false,&quot;cdn&quot;:false,&quot;charts&quot;:false,&quot;enableCharts&quot;:false,&quot;code&quot;:true,&quot;enableCode&quot;:true,&quot;autoOpen&quot;:false,&quot;overwrite&quot;:true,&quot;timestamp&quot;:false,&quot;ts&quot;:false,&quot;showPassed&quot;:true,&quot;showFailed&quot;:true,&quot;showPending&quot;:true,&quot;showSkipped&quot;:false,&quot;showHooks&quot;:&quot;failed&quot;,&quot;saveJson&quot;:false,&quot;saveHtml&quot;:true,&quot;dev&quot;:false,&quot;assetsDir&quot;:&quot;C:\\Users\\SOFTZINO\\cypress\\pettycash-cy\\cypress\\reports\\html\\assets&quot;,&quot;htmlFile&quot;:&quot;C:\\Users\\SOFTZINO\\cypress\\pettycash-cy\\cypress\\reports\\html\\index.html&quot;}"><div id="report"></div><script src="assets\app.js"></script></body></html>